Running altool at path '/Applications/Xcode_16.4.app/Contents/SharedFrameworks/ContentDeliveryServices.framework/Frameworks/AppStoreService.framework/Support/altool'...
2026-03-13 07:07:21.084 ERROR: [altool.600001E981C0] [ContentDelivery.Uploader.600001E981C0] Validation failed (409) Invalid Pre-Release Train. The train version '1.0.1' is closed for new build submissions (ID: 42571251-4e16-4032-a03c-97217f04cfbb)
2026-03-13 07:07:21.085 ERROR: [altool.600001E981C0] [ContentDelivery.Uploader.600001E981C0] Validation failed (409) This bundle is invalid. The value for key CFBundleShortVersionString [1.0.1] in the Info.plist file must contain a higher version than that of the previously approved version [1.0.1]. Please find more information about CFBundleShortVersionString at https://developer.apple.com/documentation/bundleresources/information_property_list/cfbundleshortversionstring (ID: 02623b6b-8c1a-4a8c-9691-82c4d7bc9311)
2026-03-13 07:07:37.889  INFO: [altool.600001E981C0] [ContentDelivery.Uploader.600001E981C0] 
=======================================
UPLOAD FAILED with 2 errors, 0 warnings, 0 messages
=======================================
2026-03-13 07:07:37.891 ERROR: [altool.600001E981C0] Error uploading 'Checklist.ipa/Checklist.ipa'.
2026-03-13 07:07:37.891 ERROR: [altool.600001E981C0] Validation failed Invalid Pre-Release Train. The train version '1.0.1' is closed for new build submissions (ID: 42571251-4e16-4032-a03c-97217f04cfbb) (409)
 {
    NSLocalizedDescription = "Validation failed";
    NSLocalizedFailureReason = "Invalid Pre-Release Train. The train version '1.0.1' is closed for new build submissions (ID: 42571251-4e16-4032-a03c-97217f04cfbb)";
    NSUnderlyingError = "Error Domain=IrisAPI Code=-19241 \"Validation failed\" UserInfo={status=409, detail=Invalid Pre-Release Train. The train version '1.0.1' is closed for new build submissions, id=42571251-4e16-4032-a03c-97217f04cfbb, code=STATE_ERROR.VALIDATION_ERROR, title=Validation failed, NSLocalizedFailureReason=Invalid Pre-Release Train. The train version '1.0.1' is closed for new build submissions, NSLocalizedDescription=Validation failed}";
    "iris-code" = "STATE_ERROR.VALIDATION_ERROR";
}
2026-03-13 07:07:37.892 ERROR: [altool.600001E981C0] Validation failed This bundle is invalid. The value for key CFBundleShortVersionString [1.0.1] in the Info.plist file must contain a higher version than that of the previously approved version [1.0.1]. Please find more information about CFBundleShortVersionString at https://developer.apple.com/documentation/bundleresources/information_property_list/cfbundleshortversionstring (ID: 02623b6b-8c1a-4a8c-9691-82c4d7bc9311) (409)
 {
    NSLocalizedDescription = "Validation failed";
    NSLocalizedFailureReason = "This bundle is invalid. The value for key CFBundleShortVersionString [1.0.1] in the Info.plist file must contain a higher version than that of the previously approved version [1.0.1]. Please find more information about CFBundleShortVersionString at https://developer.apple.com/documentation/bundleresources/information_property_list/cfbundleshortversionstring (ID: 02623b6b-8c1a-4a8c-9691-82c4d7bc9311)";
    NSUnderlyingError = "Error Domain=IrisAPI Code=-19241 \"Validation failed\" UserInfo={status=409, detail=This bundle is invalid. The value for key CFBundleShortVersionString [1.0.1] in the Info.plist file must contain a higher version than that of the previously approved version [1.0.1]. Please find more information about CFBundleShortVersionString at https://developer.apple.com/documentation/bundleresources/information_property_list/cfbundleshortversionstring, id=02623b6b-8c1a-4a8c-9691-82c4d7bc9311, code=STATE_ERROR.VALIDATION_ERROR, title=Validation failed, NSLocalizedFailureReason=This bundle is invalid. The value for key CFBundleShortVersionString [1.0.1] in the Info.plist file must contain a higher version than that of the previously approved version [1.0.1]. Please find more information about CFBundleShortVersionString at https://developer.apple.com/documentation/bundleresources/information_property_list/cfbundleshortversionstring, NSLocalizedDescription=Validation failed}";
    "iris-code" = "STATE_ERROR.VALIDATION_ERROR";
}
