Command line invocation:
    /Applications/Xcode_26.3.app/Contents/Developer/usr/bin/xcodebuild archive -workspace ./Calorie_Diary_03.xcworkspace -scheme Calorie_Diary_03 -configuration Release -destination generic/platform=iOS -archivePath /Users/runner/work/Calorie_Diary_03/Calorie_Diary_03/build.xcarchive

2026-05-01 10:59:54.983 xcodebuild[3734:14691] [MT] IDERunDestination: Supported platforms for the buildables in the current scheme is empty.
ComputePackagePrebuildTargetDependencyGraph

Prepare packages

CreateBuildRequest

SendProjectDescription

CreateBuildOperation

ComputeTargetDependencyGraph
note: Building targets in dependency order
note: Target dependency graph (6 targets)
    Target 'Calorie_Diary_03' in project 'Calorie_Diary_03'
        ➜ Implicit dependency on target 'Pods-Calorie_Diary_03' in project 'Pods' via file 'Pods_Calorie_Diary_03.framework' in build phase 'Link Binary'
        ➜ Implicit dependency on target 'HFGPurchasesKit' in project 'Pods' via options '-framework HFGPurchasesKit' in build setting 'OTHER_LDFLAGS'
    Target 'Pods-Calorie_Diary_03' in project 'Pods'
        ➜ Explicit dependency on target 'HFGPurchasesKit' in project 'Pods'
        ➜ Explicit dependency on target 'UMAPM' in project 'Pods'
        ➜ Explicit dependency on target 'UMCommon' in project 'Pods'
        ➜ Explicit dependency on target 'UMDevice' in project 'Pods'
    Target 'HFGPurchasesKit' in project 'Pods'
        ➜ Explicit dependency on target 'UMAPM' in project 'Pods'
        ➜ Explicit dependency on target 'UMCommon' in project 'Pods'
        ➜ Explicit dependency on target 'UMDevice' in project 'Pods'
    Target 'UMAPM' in project 'Pods'
        ➜ Explicit dependency on target 'UMCommon' in project 'Pods'
    Target 'UMCommon' in project 'Pods'
        ➜ Explicit dependency on target 'UMDevice' in project 'Pods'
    Target 'UMDevice' in project 'Pods' (no dependencies)

GatherProvisioningInputs

CreateBuildDescription

ExecuteExternalTool /Applications/Xcode_26.3.app/Contents/Developer/Toolchains/XcodeDefault.xctoolchain/usr/bin/clang -v -E -dM -isysroot /Applications/Xcode_26.3.app/Contents/Developer/Platforms/iPhoneOS.platform/Developer/SDKs/iPhoneOS26.2.sdk -x c -c /dev/null

ExecuteExternalTool /Applications/Xcode_26.3.app/Contents/Developer/Toolchains/XcodeDefault.xctoolchain/usr/bin/clang -v -E -dM -arch arm64 -isysroot /Applications/Xcode_26.3.app/Contents/Developer/Platforms/iPhoneOS.platform/Developer/SDKs/iPhoneOS26.2.sdk -x c -c /dev/null

ExecuteExternalTool /Applications/Xcode_26.3.app/Contents/Developer/Toolchains/XcodeDefault.xctoolchain/usr/bin/clang -v -E -dM -arch arm64 -isysroot /Applications/Xcode_26.3.app/Contents/Developer/Platforms/iPhoneOS.platform/Developer/SDKs/iPhoneOS26.2.sdk -x objective-c -c /dev/null

ExecuteExternalTool /Applications/Xcode_26.3.app/Contents/Developer/usr/bin/actool --print-asset-tag-combinations --output-format xml1 /Users/runner/work/Calorie_Diary_03/Calorie_Diary_03/Calorie_Diary_03/Resources/Assets.xcassets

ExecuteExternalTool /Applications/Xcode_26.3.app/Contents/Developer/Toolchains/XcodeDefault.xctoolchain/usr/bin/swiftc --version

ExecuteExternalTool /Applications/Xcode_26.3.app/Contents/Developer/Toolchains/XcodeDefault.xctoolchain/usr/bin/libtool -V

ExecuteExternalTool /Applications/Xcode_26.3.app/Contents/Developer/usr/bin/actool --version --output-format xml1

ExecuteExternalTool /Applications/Xcode_26.3.app/Contents/Developer/Toolchains/XcodeDefault.xctoolchain/usr/bin/ld -version_details

Build description signature: 2597513ff4b57f0ccb3d46420aa139bd
Build description path: /Users/runner/Library/Developer/Xcode/DerivedData/Calorie_Diary_03-booxerbqoqslsofgbgbdcsasqhhs/Build/Intermediates.noindex/ArchiveIntermediates/Calorie_Diary_03/IntermediateBuildFilesPath/XCBuildData/2597513ff4b57f0ccb3d46420aa139bd.xcbuilddata
/Users/runner/work/Calorie_Diary_03/Calorie_Diary_03/Calorie_Diary_03.xcodeproj: error: Provisioning profile "appstore-6760540011-20260501105928715" doesn't include the HealthKit Access (Verifiable Health Records) capability. HealthKit Access (Verifiable Health Records) capability needs to be assigned to your team and bundle identifier by Apple in order to be included in a profile. (in target 'Calorie_Diary_03' from project 'Calorie_Diary_03')
/Users/runner/work/Calorie_Diary_03/Calorie_Diary_03/Calorie_Diary_03.xcodeproj: error: Provisioning profile "appstore-6760540011-20260501105928715" doesn't include the HealthKit capability. (in target 'Calorie_Diary_03' from project 'Calorie_Diary_03')
/Users/runner/work/Calorie_Diary_03/Calorie_Diary_03/Calorie_Diary_03.xcodeproj: error: Provisioning profile "appstore-6760540011-20260501105928715" doesn't include the com.apple.developer.healthkit and com.apple.developer.healthkit.access entitlements. (in target 'Calorie_Diary_03' from project 'Calorie_Diary_03')
** ARCHIVE FAILED **


The following build commands failed:
	Archiving workspace Calorie_Diary_03 with scheme Calorie_Diary_03
(1 failure)
