Command line invocation:
    /Applications/Xcode_26.3.app/Contents/Developer/usr/bin/xcodebuild archive -workspace ./TranslateNow.xcworkspace -scheme TranslateNow -configuration Release -destination generic/platform=iOS -archivePath /Users/runner/work/Translate_Now_app/Translate_Now_app/build.xcarchive

2026-04-27 02:05:54.958 xcodebuild[3561:14884] [MT] IDERunDestination: Supported platforms for the buildables in the current scheme is empty.
ComputePackagePrebuildTargetDependencyGraph

Prepare packages

CreateBuildRequest

SendProjectDescription

CreateBuildOperation

ComputeTargetDependencyGraph
note: Building targets in dependency order
note: Target dependency graph (24 targets)
    Target 'TranslateNow' in project 'TranslateNow'
        ➜ Implicit dependency on target 'Pods-TranslateNow' in project 'Pods' via file 'Pods_TranslateNow.framework' in build phase 'Link Binary'
        ➜ Implicit dependency on target 'PromisesObjC' in project 'Pods' via options '-framework FBLPromises' in build setting 'OTHER_LDFLAGS'
        ➜ Implicit dependency on target 'GTMSessionFetcher' in project 'Pods' via options '-framework GTMSessionFetcher' in build setting 'OTHER_LDFLAGS'
        ➜ Implicit dependency on target 'GoogleDataTransport' in project 'Pods' via options '-framework GoogleDataTransport' in build setting 'OTHER_LDFLAGS'
        ➜ Implicit dependency on target 'GoogleToolboxForMac' in project 'Pods' via options '-framework GoogleToolboxForMac' in build setting 'OTHER_LDFLAGS'
        ➜ Implicit dependency on target 'GoogleUtilities' in project 'Pods' via options '-framework GoogleUtilities' in build setting 'OTHER_LDFLAGS'
        ➜ Implicit dependency on target 'GoogleUtilitiesComponents' in project 'Pods' via options '-framework GoogleUtilitiesComponents' in build setting 'OTHER_LDFLAGS'
        ➜ Implicit dependency on target 'HFGPurchasesKit' in project 'Pods' via options '-framework HFGPurchasesKit' in build setting 'OTHER_LDFLAGS'
        ➜ Implicit dependency on target 'SSZipArchive' in project 'Pods' via options '-framework SSZipArchive' in build setting 'OTHER_LDFLAGS'
        ➜ Implicit dependency on target 'nanopb' in project 'Pods' via options '-framework nanopb' in build setting 'OTHER_LDFLAGS'
    Target 'Pods-TranslateNow' in project 'Pods'
        ➜ Explicit dependency on target 'GTMSessionFetcher' in project 'Pods'
        ➜ Explicit dependency on target 'GoogleDataTransport' in project 'Pods'
        ➜ Explicit dependency on target 'GoogleMLKit' in project 'Pods'
        ➜ Explicit dependency on target 'GoogleToolboxForMac' in project 'Pods'
        ➜ Explicit dependency on target 'GoogleUtilities' in project 'Pods'
        ➜ Explicit dependency on target 'GoogleUtilitiesComponents' in project 'Pods'
        ➜ Explicit dependency on target 'HFGPurchasesKit' in project 'Pods'
        ➜ Explicit dependency on target 'MLKitCommon' in project 'Pods'
        ➜ Explicit dependency on target 'MLKitNaturalLanguage' in project 'Pods'
        ➜ Explicit dependency on target 'MLKitTranslate' in project 'Pods'
        ➜ Explicit dependency on target 'PromisesObjC' in project 'Pods'
        ➜ Explicit dependency on target 'SSZipArchive' in project 'Pods'
        ➜ Explicit dependency on target 'UMAPM' in project 'Pods'
        ➜ Explicit dependency on target 'UMCommon' in project 'Pods'
        ➜ Explicit dependency on target 'UMDevice' in project 'Pods'
        ➜ Explicit dependency on target 'nanopb' in project 'Pods'
    Target 'HFGPurchasesKit' in project 'Pods'
        ➜ Explicit dependency on target 'UMAPM' in project 'Pods'
        ➜ Explicit dependency on target 'UMCommon' in project 'Pods'
        ➜ Explicit dependency on target 'UMDevice' in project 'Pods'
    Target 'UMAPM' in project 'Pods'
        ➜ Explicit dependency on target 'UMCommon' in project 'Pods'
    Target 'UMCommon' in project 'Pods'
        ➜ Explicit dependency on target 'UMDevice' in project 'Pods'
    Target 'UMDevice' in project 'Pods' (no dependencies)
    Target 'GoogleMLKit' in project 'Pods'
        ➜ Explicit dependency on target 'MLKitCommon' in project 'Pods'
        ➜ Explicit dependency on target 'MLKitTranslate' in project 'Pods'
    Target 'MLKitTranslate' in project 'Pods'
        ➜ Explicit dependency on target 'MLKitNaturalLanguage' in project 'Pods'
        ➜ Explicit dependency on target 'MLKitTranslate-MLKitTranslate_resource' in project 'Pods'
        ➜ Explicit dependency on target 'SSZipArchive' in project 'Pods'
    Target 'SSZipArchive' in project 'Pods' (no dependencies)
    Target 'MLKitTranslate-MLKitTranslate_resource' in project 'Pods' (no dependencies)
    Target 'MLKitNaturalLanguage' in project 'Pods'
        ➜ Explicit dependency on target 'GoogleToolboxForMac' in project 'Pods'
        ➜ Explicit dependency on target 'GTMSessionFetcher' in project 'Pods'
        ➜ Explicit dependency on target 'MLKitCommon' in project 'Pods'
    Target 'MLKitCommon' in project 'Pods'
        ➜ Explicit dependency on target 'GoogleDataTransport' in project 'Pods'
        ➜ Explicit dependency on target 'GoogleToolboxForMac' in project 'Pods'
        ➜ Explicit dependency on target 'GoogleUtilities' in project 'Pods'
        ➜ Explicit dependency on target 'GoogleUtilitiesComponents' in project 'Pods'
        ➜ Explicit dependency on target 'GTMSessionFetcher' in project 'Pods'
    Target 'GoogleUtilitiesComponents' in project 'Pods'
        ➜ Explicit dependency on target 'GoogleUtilities' in project 'Pods'
    Target 'GoogleToolboxForMac' in project 'Pods' (no dependencies)
    Target 'GoogleDataTransport' in project 'Pods'
        ➜ Explicit dependency on target 'GoogleDataTransport-GoogleDataTransport_Privacy' in project 'Pods'
        ➜ Explicit dependency on target 'GoogleUtilities' in project 'Pods'
        ➜ Explicit dependency on target 'PromisesObjC' in project 'Pods'
        ➜ Explicit dependency on target 'nanopb' in project 'Pods'
    Target 'GoogleDataTransport-GoogleDataTransport_Privacy' in project 'Pods'
        ➜ Implicit dependency on target 'PromisesObjC' in project 'Pods' via options '-framework FBLPromises' in build setting 'OTHER_LDFLAGS'
        ➜ Implicit dependency on target 'GoogleUtilities' in project 'Pods' via options '-framework GoogleUtilities' in build setting 'OTHER_LDFLAGS'
        ➜ Implicit dependency on target 'nanopb' in project 'Pods' via options '-framework nanopb' in build setting 'OTHER_LDFLAGS'
    Target 'nanopb' in project 'Pods'
        ➜ Explicit dependency on target 'nanopb-nanopb_Privacy' in project 'Pods'
    Target 'nanopb-nanopb_Privacy' in project 'Pods' (no dependencies)
    Target 'GoogleUtilities' in project 'Pods'
        ➜ Explicit dependency on target 'GoogleUtilities-GoogleUtilities_Privacy' in project 'Pods'
        ➜ Explicit dependency on target 'PromisesObjC' in project 'Pods'
    Target 'GoogleUtilities-GoogleUtilities_Privacy' in project 'Pods'
        ➜ Implicit dependency on target 'PromisesObjC' in project 'Pods' via options '-framework FBLPromises' in build setting 'OTHER_LDFLAGS'
    Target 'PromisesObjC' in project 'Pods'
        ➜ Explicit dependency on target 'PromisesObjC-FBLPromises_Privacy' in project 'Pods'
    Target 'PromisesObjC-FBLPromises_Privacy' in project 'Pods' (no dependencies)
    Target 'GTMSessionFetcher' in project 'Pods'
        ➜ Explicit dependency on target 'GTMSessionFetcher-GTMSessionFetcher_Core_Privacy' in project 'Pods'
    Target 'GTMSessionFetcher-GTMSessionFetcher_Core_Privacy' in project 'Pods' (no dependencies)

GatherProvisioningInputs

CreateBuildDescription

ExecuteExternalTool /Applications/Xcode_26.3.app/Contents/Developer/Toolchains/XcodeDefault.xctoolchain/usr/bin/clang -v -E -dM -arch arm64 -isysroot /Applications/Xcode_26.3.app/Contents/Developer/Platforms/iPhoneOS.platform/Developer/SDKs/iPhoneOS26.2.sdk -x c -c /dev/null

ExecuteExternalTool /Applications/Xcode_26.3.app/Contents/Developer/Toolchains/XcodeDefault.xctoolchain/usr/bin/clang -v -E -dM -isysroot /Applications/Xcode_26.3.app/Contents/Developer/Platforms/iPhoneOS.platform/Developer/SDKs/iPhoneOS26.2.sdk -x c -c /dev/null

ExecuteExternalTool /Applications/Xcode_26.3.app/Contents/Developer/Toolchains/XcodeDefault.xctoolchain/usr/bin/clang -v -E -dM -arch arm64 -isysroot /Applications/Xcode_26.3.app/Contents/Developer/Platforms/iPhoneOS.platform/Developer/SDKs/iPhoneOS26.2.sdk -x objective-c -c /dev/null

ExecuteExternalTool /Applications/Xcode_26.3.app/Contents/Developer/usr/bin/actool --print-asset-tag-combinations --output-format xml1 /Users/runner/work/Translate_Now_app/Translate_Now_app/TranslateNow/Assets.xcassets

ExecuteExternalTool /Applications/Xcode_26.3.app/Contents/Developer/Toolchains/XcodeDefault.xctoolchain/usr/bin/ld -version_details

ExecuteExternalTool /Applications/Xcode_26.3.app/Contents/Developer/Toolchains/XcodeDefault.xctoolchain/usr/bin/libtool -V

ExecuteExternalTool /Applications/Xcode_26.3.app/Contents/Developer/Toolchains/XcodeDefault.xctoolchain/usr/bin/swiftc --version

ExecuteExternalTool /Applications/Xcode_26.3.app/Contents/Developer/usr/bin/actool --version --output-format xml1

Build description signature: ebdbb6879b8a1935f53d1c7f2ddb5e2e
Build description path: /Users/runner/Library/Developer/Xcode/DerivedData/TranslateNow-bjxkmixfsvmlpabkwmymyherrmql/Build/Intermediates.noindex/ArchiveIntermediates/TranslateNow/IntermediateBuildFilesPath/XCBuildData/ebdbb6879b8a1935f53d1c7f2ddb5e2e.xcbuilddata
error: Multiple commands produce '/Users/runner/Library/Developer/Xcode/DerivedData/TranslateNow-bjxkmixfsvmlpabkwmymyherrmql/Build/Intermediates.noindex/ArchiveIntermediates/TranslateNow/InstallationBuildProductsLocation/Applications/TranslateNow.app/PrivacyInfo.xcprivacy'
    note: Target 'TranslateNow' (project 'TranslateNow') has copy command from '/Users/runner/work/Translate_Now_app/Translate_Now_app/PrivacyInfo.xcprivacy' to '/Users/runner/Library/Developer/Xcode/DerivedData/TranslateNow-bjxkmixfsvmlpabkwmymyherrmql/Build/Intermediates.noindex/ArchiveIntermediates/TranslateNow/InstallationBuildProductsLocation/Applications/TranslateNow.app/PrivacyInfo.xcprivacy'
    note: Target 'TranslateNow' (project 'TranslateNow') has copy command from '/Users/runner/work/Translate_Now_app/Translate_Now_app/TranslateNow/PrivacyInfo.xcprivacy' to '/Users/runner/Library/Developer/Xcode/DerivedData/TranslateNow-bjxkmixfsvmlpabkwmymyherrmql/Build/Intermediates.noindex/ArchiveIntermediates/TranslateNow/InstallationBuildProductsLocation/Applications/TranslateNow.app/PrivacyInfo.xcprivacy'
CreateBuildDirectory /Users/runner/Library/Developer/Xcode/DerivedData/TranslateNow-bjxkmixfsvmlpabkwmymyherrmql/Build/Intermediates.noindex/ArchiveIntermediates/TranslateNow/InstallationBuildProductsLocation
    cd /Users/runner/work/Translate_Now_app/Translate_Now_app
    builtin-create-build-directory /Users/runner/Library/Developer/Xcode/DerivedData/TranslateNow-bjxkmixfsvmlpabkwmymyherrmql/Build/Intermediates.noindex/ArchiveIntermediates/TranslateNow/InstallationBuildProductsLocation

ClangStatCache /Applications/Xcode_26.3.app/Contents/Developer/Toolchains/XcodeDefault.xctoolchain/usr/bin/clang-stat-cache /Applications/Xcode_26.3.app/Contents/Developer/Platforms/iPhoneOS.platform/Developer/SDKs/iPhoneOS26.2.sdk /Users/runner/Library/Developer/Xcode/DerivedData/SDKStatCaches.noindex/iphoneos26.2-23C57-dc75598d0054f22ec865fa860f139d722dd23b4ebda140f7210d155ff1243552.sdkstatcache
    cd /Users/runner/work/Translate_Now_app/Translate_Now_app
    /Applications/Xcode_26.3.app/Contents/Developer/Toolchains/XcodeDefault.xctoolchain/usr/bin/clang-stat-cache /Applications/Xcode_26.3.app/Contents/Developer/Platforms/iPhoneOS.platform/Developer/SDKs/iPhoneOS26.2.sdk -o /Users/runner/Library/Developer/Xcode/DerivedData/SDKStatCaches.noindex/iphoneos26.2-23C57-dc75598d0054f22ec865fa860f139d722dd23b4ebda140f7210d155ff1243552.sdkstatcache

CreateBuildDirectory /Users/runner/Library/Developer/Xcode/DerivedData/TranslateNow-bjxkmixfsvmlpabkwmymyherrmql/Build/Intermediates.noindex/ArchiveIntermediates/TranslateNow/IntermediateBuildFilesPath
    cd /Users/runner/work/Translate_Now_app/Translate_Now_app
    builtin-create-build-directory /Users/runner/Library/Developer/Xcode/DerivedData/TranslateNow-bjxkmixfsvmlpabkwmymyherrmql/Build/Intermediates.noindex/ArchiveIntermediates/TranslateNow/IntermediateBuildFilesPath

/Users/runner/work/Translate_Now_app/Translate_Now_app/Pods/Pods.xcodeproj: warning: The iOS deployment target 'IPHONEOS_DEPLOYMENT_TARGET' is set to 9.0, but the range of supported deployment target versions is 12.0 to 26.2.99. (in target 'UMAPM' from project 'Pods')
/Users/runner/work/Translate_Now_app/Translate_Now_app/Pods/Pods.xcodeproj: warning: The iOS deployment target 'IPHONEOS_DEPLOYMENT_TARGET' is set to 9.0, but the range of supported deployment target versions is 12.0 to 26.2.99. (in target 'nanopb' from project 'Pods')
/Users/runner/work/Translate_Now_app/Translate_Now_app/Pods/Pods.xcodeproj: warning: The iOS deployment target 'IPHONEOS_DEPLOYMENT_TARGET' is set to 9.0, but the range of supported deployment target versions is 12.0 to 26.2.99. (in target 'nanopb-nanopb_Privacy' from project 'Pods')
/Users/runner/work/Translate_Now_app/Translate_Now_app/Pods/Pods.xcodeproj: warning: The iOS deployment target 'IPHONEOS_DEPLOYMENT_TARGET' is set to 10.0, but the range of supported deployment target versions is 12.0 to 26.2.99. (in target 'GTMSessionFetcher-GTMSessionFetcher_Core_Privacy' from project 'Pods')
warning: duplicate output file '/Users/runner/Library/Developer/Xcode/DerivedData/TranslateNow-bjxkmixfsvmlpabkwmymyherrmql/Build/Intermediates.noindex/ArchiveIntermediates/TranslateNow/InstallationBuildProductsLocation/Applications/TranslateNow.app/PrivacyInfo.xcprivacy' on task: CpResource /Users/runner/Library/Developer/Xcode/DerivedData/TranslateNow-bjxkmixfsvmlpabkwmymyherrmql/Build/Intermediates.noindex/ArchiveIntermediates/TranslateNow/InstallationBuildProductsLocation/Applications/TranslateNow.app/PrivacyInfo.xcprivacy /Users/runner/work/Translate_Now_app/Translate_Now_app/TranslateNow/PrivacyInfo.xcprivacy (in target 'TranslateNow' from project 'TranslateNow')
/Users/runner/work/Translate_Now_app/Translate_Now_app/Pods/Pods.xcodeproj: warning: The iOS deployment target 'IPHONEOS_DEPLOYMENT_TARGET' is set to 10.0, but the range of supported deployment target versions is 12.0 to 26.2.99. (in target 'GTMSessionFetcher' from project 'Pods')
/Users/runner/work/Translate_Now_app/Translate_Now_app/Pods/Pods.xcodeproj: warning: The iOS deployment target 'IPHONEOS_DEPLOYMENT_TARGET' is set to 9.0, but the range of supported deployment target versions is 12.0 to 26.2.99. (in target 'UMDevice' from project 'Pods')
/Users/runner/work/Translate_Now_app/Translate_Now_app/Pods/Pods.xcodeproj: warning: The iOS deployment target 'IPHONEOS_DEPLOYMENT_TARGET' is set to 9.0, but the range of supported deployment target versions is 12.0 to 26.2.99. (in target 'PromisesObjC' from project 'Pods')
/Users/runner/work/Translate_Now_app/Translate_Now_app/Pods/Pods.xcodeproj: warning: The iOS deployment target 'IPHONEOS_DEPLOYMENT_TARGET' is set to 9.0, but the range of supported deployment target versions is 12.0 to 26.2.99. (in target 'GoogleDataTransport-GoogleDataTransport_Privacy' from project 'Pods')
/Users/runner/work/Translate_Now_app/Translate_Now_app/Pods/Pods.xcodeproj: warning: The iOS deployment target 'IPHONEOS_DEPLOYMENT_TARGET' is set to 9.0, but the range of supported deployment target versions is 12.0 to 26.2.99. (in target 'GoogleUtilities' from project 'Pods')
/Users/runner/work/Translate_Now_app/Translate_Now_app/Pods/Pods.xcodeproj: warning: The iOS deployment target 'IPHONEOS_DEPLOYMENT_TARGET' is set to 10.0, but the range of supported deployment target versions is 12.0 to 26.2.99. (in target 'GoogleUtilitiesComponents' from project 'Pods')
/Users/runner/work/Translate_Now_app/Translate_Now_app/Pods/Pods.xcodeproj: warning: The iOS deployment target 'IPHONEOS_DEPLOYMENT_TARGET' is set to 9.0, but the range of supported deployment target versions is 12.0 to 26.2.99. (in target 'GoogleDataTransport' from project 'Pods')
/Users/runner/work/Translate_Now_app/Translate_Now_app/Pods/Pods.xcodeproj: warning: The iOS deployment target 'IPHONEOS_DEPLOYMENT_TARGET' is set to 9.0, but the range of supported deployment target versions is 12.0 to 26.2.99. (in target 'UMCommon' from project 'Pods')
/Users/runner/work/Translate_Now_app/Translate_Now_app/Pods/Pods.xcodeproj: warning: The iOS deployment target 'IPHONEOS_DEPLOYMENT_TARGET' is set to 9.0, but the range of supported deployment target versions is 12.0 to 26.2.99. (in target 'GoogleUtilities-GoogleUtilities_Privacy' from project 'Pods')
/Users/runner/work/Translate_Now_app/Translate_Now_app/Pods/Pods.xcodeproj: warning: The iOS deployment target 'IPHONEOS_DEPLOYMENT_TARGET' is set to 9.0, but the range of supported deployment target versions is 12.0 to 26.2.99. (in target 'SSZipArchive' from project 'Pods')
/Users/runner/work/Translate_Now_app/Translate_Now_app/Pods/Pods.xcodeproj: warning: The iOS deployment target 'IPHONEOS_DEPLOYMENT_TARGET' is set to 9.0, but the range of supported deployment target versions is 12.0 to 26.2.99. (in target 'GoogleToolboxForMac' from project 'Pods')
/Users/runner/work/Translate_Now_app/Translate_Now_app/Pods/Pods.xcodeproj: warning: The iOS deployment target 'IPHONEOS_DEPLOYMENT_TARGET' is set to 9.0, but the range of supported deployment target versions is 12.0 to 26.2.99. (in target 'PromisesObjC-FBLPromises_Privacy' from project 'Pods')
** ARCHIVE FAILED **


The following build commands failed:
	Archiving workspace TranslateNow with scheme TranslateNow
(1 failure)
